{"name": "test_can_user_make_purchase", "status": "broken", "statusDetails": {"message": "selenium.common.exceptions.TimeoutException: Message:", "trace": "self = <test_steps.Test testMethod=test_can_user_make_purchase>\n\n    @allure.step(\"Test: Can user make a purchase\")\n    def test_can_user_make_purchase(self):\n        home_page = HomePage(self.driver)\n        home_page.visit_login_page()\n        login_page = LoginPage(self.driver)\n        login_page.login('alexislopezg07@gmail.com', 'Yamero!')\n        home_page = HomePage(self.driver)\n        home_page.search_item('2017 Rollerblade Hombre')\n>       search_page = SearchPage(self.driver)\n\ntest_steps.py:39: \n_ _ _ _ _ _ _ _ _ _ _ _ _ _ _ _ _ _ _ _ _ _ _ _ _ _ _ _ _ _ _ _ _ _ _ _ _ _ _ _\n..\\Page\\SearchPage.py:12: in __init__\n    EC.presence_of_element_located((By.XPATH, \"//h3/a[contains(text(),'Rollerblade metroblade')]\")))\n_ _ _ _ _ _ _ _ _ _ _ _ _ _ _ _ _ _ _ _ _ _ _ _ _ _ _ _ _ _ _ _ _ _ _ _ _ _ _ _\n\nself = <selenium.webdriver.support.wait.WebDriverWait (session=\"ed19639049c4356f3d430cc1c98d9d94\")>\nmethod = <selenium.webdriver.support.expected_conditions.presence_of_element_located object at 0x000001CA33CBCAC8>\nmessage = ''\n\n    def until(self, method, message=''):\n        \"\"\"Calls the method provided with the driver as an argument until the \\\n        return value is not False.\"\"\"\n        screen = None\n        stacktrace = None\n    \n        end_time = time.time() + self._timeout\n        while True:\n            try:\n                value = method(self._driver)\n                if value:\n                    return value\n            except self._ignored_exceptions as exc:\n                screen = getattr(exc, 'screen', None)\n                stacktrace = getattr(exc, 'stacktrace', None)\n            time.sleep(self._poll)\n            if time.time() > end_time:\n                break\n>       raise TimeoutException(message, screen, stacktrace)\nE       selenium.common.exceptions.TimeoutException: Message:\n\nC:\\Python\\lib\\site-packages\\selenium\\webdriver\\support\\wait.py:80: TimeoutException"}, "steps": [{"name": "Test: Can user make a purchase", "status": "broken", "statusDetails": {"message": "selenium.common.exceptions.TimeoutException: Message: \n\n", "trace": "  File \"C:\\Python\\lib\\site-packages\\allure_commons\\_allure.py\", line 141, in impl\n    return func(*a, **kw)\n  File \"C:\\Users\\alexi\\PycharmProjects\\eBay_Purchase_Test\\testcases\\test_steps.py\", line 39, in test_can_user_make_purchase\n    search_page = SearchPage(self.driver)\n  File \"C:\\Users\\alexi\\PycharmProjects\\eBay_Purchase_Test\\Page\\SearchPage.py\", line 12, in __init__\n    EC.presence_of_element_located((By.XPATH, \"//h3/a[contains(text(),'Rollerblade metroblade')]\")))\n  File \"C:\\Python\\lib\\site-packages\\selenium\\webdriver\\support\\wait.py\", line 80, in until\n    raise TimeoutException(message, screen, stacktrace)\n"}, "start": 1543478683283, "stop": 1543478706178}], "attachments": [{"name": "log", "source": "1576dd79-83fb-4f59-97b0-03dee6a581c7-attachment.txt", "type": "text/plain"}, {"name": "stdout", "source": "92113b96-9720-4fa7-8ea5-d94d1af02663-attachment.txt", "type": "text/plain"}, {"name": "stderr", "source": "7bb25b85-3af6-437c-a8c8-05d3df3226a9-attachment.txt", "type": "text/plain"}], "start": 1543478677561, "stop": 1543478707207, "uuid": "12ab5fc9-1f9f-4e2f-a9aa-fb0466d12682", "historyId": "034045bb817a609125d8a3b7ae393924", "fullName": "test_steps.Test#test_can_user_make_purchase", "labels": [{"name": "suite", "value": "test_steps"}, {"name": "subSuite", "value": "Test"}, {"name": "host", "value": "DESKTOP-UB5E2R0"}, {"name": "thread", "value": "8356-MainThread"}, {"name": "framework", "value": "pytest"}, {"name": "language", "value": "cpython3"}, {"name": "package", "value": "test_steps"}]}