{"name": "test_can_user_make_purchase", "status": "broken", "statusDetails": {"message": "selenium.common.exceptions.TimeoutException: Message:", "trace": "self = <test_steps.Test testMethod=test_can_user_make_purchase>\n\n    @allure.step(\"Test: Can user make a purchase\")\n    def test_can_user_make_purchase(self):\n        home_page = HomePage(self.driver)\n        home_page.visit_login_page()\n        login_page = LoginPage(self.driver)\n        login_page.login('alexislopezg07@gmail.com', 'Yamero!')\n        home_page = HomePage(self.driver)\n        home_page.search_item('2017 Rollerblade Hombre')\n>       search_page = SearchPage(self.driver)\n\ntest_steps.py:39: \n_ _ _ _ _ _ _ _ _ _ _ _ _ _ _ _ _ _ _ _ _ _ _ _ _ _ _ _ _ _ _ _ _ _ _ _ _ _ _ _\n..\\Page\\SearchPage.py:12: in __init__\n    EC.presence_of_element_located((By.XPATH, \"//h3/a[contains(text(),'Rollerblade metroblade')]\")))\n_ _ _ _ _ _ _ _ _ _ _ _ _ _ _ _ _ _ _ _ _ _ _ _ _ _ _ _ _ _ _ _ _ _ _ _ _ _ _ _\n\nself = <selenium.webdriver.support.wait.WebDriverWait (session=\"4fda2eb423747878bc3101fc8106125b\")>\nmethod = <selenium.webdriver.support.expected_conditions.presence_of_element_located object at 0x000001C310ABA128>\nmessage = ''\n\n    def until(self, method, message=''):\n        \"\"\"Calls the method provided with the driver as an argument until the \\\n        return value is not False.\"\"\"\n        screen = None\n        stacktrace = None\n    \n        end_time = time.time() + self._timeout\n        while True:\n            try:\n                value = method(self._driver)\n                if value:\n                    return value\n            except self._ignored_exceptions as exc:\n                screen = getattr(exc, 'screen', None)\n                stacktrace = getattr(exc, 'stacktrace', None)\n            time.sleep(self._poll)\n            if time.time() > end_time:\n                break\n>       raise TimeoutException(message, screen, stacktrace)\nE       selenium.common.exceptions.TimeoutException: Message:\n\nC:\\Python\\lib\\site-packages\\selenium\\webdriver\\support\\wait.py:80: TimeoutException"}, "steps": [{"name": "Test: Can user make a purchase", "status": "broken", "statusDetails": {"message": "selenium.common.exceptions.TimeoutException: Message: \n\n", "trace": "  File \"C:\\Python\\lib\\site-packages\\allure_commons\\_allure.py\", line 141, in impl\n    return func(*a, **kw)\n  File \"C:\\Users\\alexi\\PycharmProjects\\eBay_Purchase_Test\\testcases\\test_steps.py\", line 39, in test_can_user_make_purchase\n    search_page = SearchPage(self.driver)\n  File \"C:\\Users\\alexi\\PycharmProjects\\eBay_Purchase_Test\\Page\\SearchPage.py\", line 12, in __init__\n    EC.presence_of_element_located((By.XPATH, \"//h3/a[contains(text(),'Rollerblade metroblade')]\")))\n  File \"C:\\Python\\lib\\site-packages\\selenium\\webdriver\\support\\wait.py\", line 80, in until\n    raise TimeoutException(message, screen, stacktrace)\n"}, "start": 1543478565493, "stop": 1543478586414}], "attachments": [{"source": "94f71029-3d7e-48d8-9b31-93d1083619a4-attachment.attach"}, {"name": "log", "source": "3dd1deb8-f89b-456e-b9c1-f0dd14dffda4-attachment.txt", "type": "text/plain"}, {"name": "stdout", "source": "aab67a1f-ea84-4caf-88c5-4060c751c320-attachment.txt", "type": "text/plain"}, {"name": "stderr", "source": "e1918aef-2365-46b9-b6a3-66813e0978de-attachment.txt", "type": "text/plain"}], "start": 1543478559895, "stop": 1543478589144, "uuid": "f97ff866-68db-46ab-b31d-2af84f15c041", "historyId": "034045bb817a609125d8a3b7ae393924", "fullName": "test_steps.Test#test_can_user_make_purchase", "labels": [{"name": "suite", "value": "test_steps"}, {"name": "subSuite", "value": "Test"}, {"name": "host", "value": "DESKTOP-UB5E2R0"}, {"name": "thread", "value": "13756-MainThread"}, {"name": "framework", "value": "pytest"}, {"name": "language", "value": "cpython3"}, {"name": "package", "value": "test_steps"}]}